psicologiaAppFlutter-main/android/app/build/outputs/logs/manifest-merger-release-report.txt
-- Merging decision tree log ---
application
INJECTED from src\main\AndroidManifest.xml:2:5-68:19
INJECTED from src\main\AndroidManifest.xml:2:5-68:19
MERGED from [:cloud_firestore] AndroidManifest.xml:7:5-13:19
MERGED from [:cloud_firestore] AndroidManifest.xml:7:5-13:19
MERGED from [:firebase_analytics] AndroidManifest.xml:11:5-17:19
MERGED from [:firebase_analytics] AndroidManifest.xml:11:5-17:19
MERGED from [:firebase_auth] AndroidManifest.xml:7:5-13:19
MERGED from [:firebase_auth] AndroidManifest.xml:7:5-13:19
MERGED from [:firebase_messaging] AndroidManifest.xml:13:5-46:19
MERGED from [:firebase_messaging] AndroidManifest.xml:13:5-46:19
MERGED from [:firebase_storage] AndroidManifest.xml:7:5-13:19
MERGED from [:firebase_storage] AndroidManifest.xml:7:5-13:19
MERGED from [:firebase_core] AndroidManifest.xml:7:5-13:19
MERGED from [:firebase_core] AndroidManifest.xml:7:5-13:19
MERGED from [com.google.firebase:firebase-auth:22.3.1] AndroidManifest.xml:28:5-73:19
MERGED from [com.google.firebase:firebase-auth:22.3.1] AndroidManifest.xml:28:5-73:19
MERGED from [com.google.firebase:firebase-firestore:24.11.0] AndroidManifest.xml:13:5-24:19
MERGED from [com.google.firebase:firebase-firestore:24.11.0] AndroidManifest.xml:13:5-24:19
MERGED from [com.google.firebase:firebase-messaging:23.4.1] AndroidManifest.xml:28:5-64:19
MERGED from [com.google.firebase:firebase-messaging:23.4.1] AndroidManifest.xml:28:5-64:19
MERGED from [com.google.android.gms:play-services-auth:21.0.0] AndroidManifest.xml:22:5-38:19
MERGED from [com.google.android.gms:play-services-auth:21.0.0] AndroidManifest.xml:22:5-38:19
MERGED from [com.google.android.play:integrity:1.2.0] AndroidManifest.xml:5:5-6:19
MERGED from [com.google.android.play:integrity:1.2.0] AndroidManifest.xml:5:5-6:19
MERGED from [com.google.firebase:firebase-storage:20.3.0] AndroidManifest.xml:26:5-37:19
MERGED from [com.google.firebase:firebase-storage:20.3.0] AndroidManifest.xml:26:5-37:19
MERGED from [com.google.firebase:firebase-auth-interop:20.0.0] AndroidManifest.xml:7:5-8:19
MERGED from [com.google.firebase:firebase-auth-interop:20.0.0] AndroidManifest.xml:7:5-8:19
MERGED from [com.google.firebase:firebase-iid-interop:17.1.0] AndroidManifest.xml:7:5-8:19
MERGED from [com.google.firebase:firebase-iid-interop:17.1.0] AndroidManifest.xml:7:5-8:19
MERGED from [com.google.firebase:firebase-analytics:21.6.1] AndroidManifest.xml:7:5-20
MERGED from [com.google.firebase:firebase-analytics:21.6.1] AndroidManifest.xml:7:5-20
MERGED from [com.google.android.gms:play-services-measurement:21.6.1] AndroidManifest.xml:28:5-44:19
MERGED from [com.google.android.gms:play-services-measurement:21.6.1] AndroidManifest.xml:28:5-44:19
MERGED from [com.google.android.gms:play-services-measurement-sdk:21.6.1] AndroidManifest.xml:22:5-23:19
MERGED from [com.google.android.gms:play-services-measurement-sdk:21.6.1] AndroidManifest.xml:22:5-23:19
MERGED from [com.google.android.gms:play-services-measurement-impl:21.6.1] AndroidManifest.xml:29:5-30:19
MERGED from [com.google.android.gms:play-services-measurement-impl:21.6.1] AndroidManifest.xml:29:5-30:19
MERGED from [com.google.android.gms:play-services-stats:17.0.2] AndroidManifest.xml:7:5-20
MERGED from [com.google.android.gms:play-services-stats:17.0.2] AndroidManifest.xml:7:5-20
MERGED from [com.google.android.gms:play-services-measurement-api:21.6.1] AndroidManifest.xml:29:5-41:19
MERGED from [com.google.android.gms:play-services-measurement-api:21.6.1] AndroidManifest.xml:29:5-41:19
MERGED from [com.google.firebase:firebase-measurement-connector:19.0.0] AndroidManifest.xml:22:5-23:19
MERGED from [com.google.firebase:firebase-measurement-connector:19.0.0] AndroidManifest.xml:22:5-23:19
MERGED from [com.google.firebase:firebase-installations:17.2.0] AndroidManifest.xml:11:5-22:19
MERGED from [com.google.firebase:firebase-installations:17.2.0] AndroidManifest.xml:11:5-22:19
MERGED from [com.google.firebase:firebase-appcheck:17.1.2] AndroidManifest.xml:21:5-32:19
MERGED from [com.google.firebase:firebase-appcheck:17.1.2] AndroidManifest.xml:21:5-32:19
MERGED from [com.google.firebase:firebase-common-ktx:20.4.3] AndroidManifest.xml:8:5-16:19
MERGED from [com.google.firebase:firebase-common-ktx:20.4.3] AndroidManifest.xml:8:5-16:19
MERGED from [com.google.firebase:firebase-common:20.4.3] AndroidManifest.xml:22:5-39:19
MERGED from [com.google.firebase:firebase-common:20.4.3] AndroidManifest.xml:22:5-39:19
MERGED from [com.google.android.gms:play-services-fido:20.0.1] AndroidManifest.xml:7:5-8:19
MERGED from [com.google.android.gms:play-services-fido:20.0.1] AndroidManifest.xml:7:5-8:19
MERGED from [androidx.window:window:1.2.0] AndroidManifest.xml:22:5-29:19
MERGED from [androidx.window:window:1.2.0] AndroidManifest.xml:22:5-29:19
MERGED from [androidx.privacysandbox.ads:ads-adservices:1.0.0-beta05] AndroidManifest.xml:22:5-26:19
MERGED from [androidx.privacysandbox.ads:ads-adservices:1.0.0-beta05] AndroidManifest.xml:22:5-26:19
MERGED from [com.google.firebase:firebase-appcheck-interop:17.1.0] AndroidManifest.xml:21:5-20
MERGED from [com.google.firebase:firebase-appcheck-interop:17.1.0] AndroidManifest.xml:21:5-20
MERGED from [com.google.android.gms:play-services-base:18.1.0] AndroidManifest.xml:19:5-23:19
MERGED from [com.google.android.gms:play-services-base:18.1.0] AndroidManifest.xml:19:5-23:19
MERGED from [androidx.core:core:1.13.1] AndroidManifest.xml:28:5-89
MERGED from [androidx.core:core:1.13.1] AndroidManifest.xml:28:5-89
MERGED from [androidx.lifecycle:lifecycle-process:2.7.0] AndroidManifest.xml:23:5-33:19
MERGED from [androidx.lifecycle:lifecycle-process:2.7.0] AndroidManifest.xml:23:5-33:19
MERGED from [com.google.android.gms:play-services-tasks:18.1.0] AndroidManifest.xml:5:5-20
MERGED from [com.google.android.gms:play-services-tasks:18.1.0] AndroidManifest.xml:5:5-20
MERGED from [com.google.android.gms:play-services-ads-identifier:18.0.0] AndroidManifest.xml:25:5-20
MERGED from [com.google.android.gms:play-services-ads-identifier:18.0.0] AndroidManifest.xml:25:5-20
MERGED from [com.google.android.gms:play-services-measurement-base:21.6.1] AndroidManifest.xml:7:5-20
MERGED from [com.google.android.gms:play-services-measurement-base:21.6.1] AndroidManifest.xml:7:5-20
MERGED from [com.google.android.gms:play-services-basement:18.3.0] AndroidManifest.xml:20:5-24:19
MERGED from [com.google.android.gms:play-services-basement:18.3.0] AndroidManifest.xml:20:5-24:19
MERGED from [com.google.firebase:firebase-datatransport:18.1.7] AndroidManifest.xml:23:5-31:19
MERGED from [com.google.firebase:firebase-datatransport:18.1.7] AndroidManifest.xml:23:5-31:19
MERGED from [com.google.android.datatransport:transport-backend-cct:3.1.8] AndroidManifest.xml:27:5-35:19
MERGED from [com.google.android.datatransport:transport-backend-cct:3.1.8] AndroidManifest.xml:27:5-35:19
MERGED from [com.google.android.datatransport:transport-runtime:3.1.8] AndroidManifest.xml:25:5-39:19
MERGED from [com.google.android.datatransport:transport-runtime:3.1.8] AndroidManifest.xml:25:5-39:19
MERGED from [androidx.profileinstaller:profileinstaller:1.3.1] AndroidManifest.xml:23:5-53:19
MERGED from [androidx.profileinstaller:profileinstaller:1.3.1] AndroidManifest.xml:23:5-53:19
MERGED from [androidx.startup:startup-runtime:1.1.1] AndroidManifest.xml:25:5-31:19
MERGED from [androidx.startup:startup-runtime:1.1.1] AndroidManifest.xml:25:5-31:19
MERGED from [androidx.versionedparcelable:versionedparcelable:1.1.1] AndroidManifest.xml:24:5-25:19
MERGED from [androidx.versionedparcelable:versionedparcelable:1.1.1] AndroidManifest.xml:24:5-25:19
	android:extractNativeLibs
		INJECTED from src\main\AndroidManifest.xml
	android:appComponentFactory
		ADDED from [androidx.core:core:1.13.1] AndroidManifest.xml:28:18-86
	android:label
		ADDED from src\main\AndroidManifest.xml:3:9-44
	android:icon
		ADDED from src\main\AndroidManifest.xml:5:9-43
	android:name
		INJECTED from src\main\AndroidManifest.xml
		ADDED from src\main\AndroidManifest.xml:4:9-42
manifest
ADDED from src\main\AndroidManifest.xml:1:1-83:12
INJECTED from src\main\AndroidManifest.xml:1:1-83:12
INJECTED from src\main\AndroidManifest.xml:1:1-83:12
INJECTED from src\main\AndroidManifest.xml:1:1-83:12
MERGED from [:device_info_plus] AndroidManifest.xml:2:1-7:12
MERGED from [:cloud_firestore] AndroidManifest.xml:2:1-15:12
MERGED from [:firebase_analytics] AndroidManifest.xml:2:1-19:12
MERGED from [:firebase_auth] AndroidManifest.xml:2:1-15:12
MERGED from [:firebase_messaging] AndroidManifest.xml:2:1-48:12
MERGED from [:firebase_storage] AndroidManifest.xml:2:1-15:12
MERGED from [:firebase_core] AndroidManifest.xml:2:1-15:12
MERGED from [com.google.firebase:firebase-auth:22.3.1] AndroidManifest.xml:17:1-75:12
MERGED from [com.google.firebase:firebase-firestore:24.11.0] AndroidManifest.xml:2:1-26:12
MERGED from [com.google.firebase:firebase-messaging:23.4.1] AndroidManifest.xml:17:1-66:12
MERGED from [com.google.android.recaptcha:recaptcha:18.4.0] AndroidManifest.xml:2:1-11:12
MERGED from [:android_intent_plus] AndroidManifest.xml:2:1-7:12
MERGED from [:just_audio] AndroidManifest.xml:2:1-7:12
MERGED from [:audio_session] AndroidManifest.xml:2:1-7:12
MERGED from [:audioplayers_android] AndroidManifest.xml:2:1-7:12
MERGED from [:connectivity_plus] AndroidManifest.xml:2:1-9:12
MERGED from [:file_selector_android] AndroidManifest.xml:2:1-7:12
MERGED from [:flutter_local_notifications] AndroidManifest.xml:2:1-10:12
MERGED from [:flutter_native_splash] AndroidManifest.xml:2:1-7:12
MERGED from [:google_sign_in_android] AndroidManifest.xml:2:1-9:12
MERGED from [:path_provider_android] AndroidManifest.xml:2:1-7:12
MERGED from [:permission_handler_android] AndroidManifest.xml:2:1-7:12
MERGED from [:sqflite_android] AndroidManifest.xml:2:1-7:12
MERGED from [:video_player_android] AndroidManifest.xml:2:1-7:12
MERGED from [com.google.android.gms:play-services-auth:21.0.0] AndroidManifest.xml:17:1-40:12
MERGED from [com.google.android.play:integrity:1.2.0] AndroidManifest.xml:2:1-7:12
MERGED from [com.google.firebase:firebase-storage:20.3.0] AndroidManifest.xml:15:1-39:12
MERGED from [com.google.firebase:firebase-auth-interop:20.0.0] AndroidManifest.xml:2:1-10:12
MERGED from [com.google.firebase:firebase-iid-interop:17.1.0] AndroidManifest.xml:2:1-10:12
MERGED from [com.google.android.gms:play-services-cloud-messaging:17.1.0] AndroidManifest.xml:2:1-13:12
MERGED from [com.google.firebase:firebase-analytics:21.6.1] AndroidManifest.xml:2:1-9:12
MERGED from [com.google.android.gms:play-services-measurement:21.6.1] AndroidManifest.xml:17:1-46:12
MERGED from [com.google.android.gms:play-services-measurement-sdk:21.6.1] AndroidManifest.xml:17:1-25:12
MERGED from [com.google.android.gms:play-services-measurement-impl:21.6.1] AndroidManifest.xml:17:1-32:12
MERGED from [com.google.android.gms:play-services-stats:17.0.2] AndroidManifest.xml:2:1-9:12
MERGED from [com.google.android.gms:play-services-measurement-api:21.6.1] AndroidManifest.xml:17:1-43:12
MERGED from [com.google.firebase:firebase-measurement-connector:19.0.0] AndroidManifest.xml:17:1-25:12
MERGED from [com.google.firebase:firebase-installations:17.2.0] AndroidManifest.xml:2:1-24:12
MERGED from [com.google.firebase:firebase-appcheck:17.1.2] AndroidManifest.xml:15:1-34:12
MERGED from [com.google.firebase:firebase-common-ktx:20.4.3] AndroidManifest.xml:2:1-18:12
MERGED from [com.google.firebase:firebase-common:20.4.3] AndroidManifest.xml:15:1-41:12
MERGED from [com.google.android.gms:play-services-auth-api-phone:18.0.2] AndroidManifest.xml:2:1-7:12
MERGED from [com.google.android.gms:play-services-auth-base:18.0.10] AndroidManifest.xml:2:1-7:12
MERGED from [com.google.android.gms:play-services-fido:20.0.1] AndroidManifest.xml:2:1-10:12
MERGED from [androidx.media:media:1.7.0] AndroidManifest.xml:2:1-7:12
MERGED from [androidx.media3:media3-extractor:1.4.1] AndroidManifest.xml:17:1-22:12
MERGED from [androidx.media3:media3-container:1.4.1] AndroidManifest.xml:17:1-22:12
MERGED from [androidx.media3:media3-datasource:1.4.1] AndroidManifest.xml:17:1-22:12
MERGED from [androidx.media3:media3-decoder:1.4.1] AndroidManifest.xml:17:1-22:12
MERGED from [androidx.media3:media3-database:1.4.1] AndroidManifest.xml:17:1-22:12
MERGED from [androidx.media3:media3-common:1.4.1] AndroidManifest.xml:17:1-24:12
MERGED from [androidx.media3:media3-exoplayer-dash:1.4.1] AndroidManifest.xml:17:1-22:12
MERGED from [androidx.media3:media3-exoplayer-hls:1.4.1] AndroidManifest.xml:17:1-22:12
MERGED from [androidx.media3:media3-exoplayer-smoothstreaming:1.4.1] AndroidManifest.xml:17:1-22:12
MERGED from [androidx.media3:media3-exoplayer-rtsp:1.4.1] AndroidManifest.xml:17:1-22:12
MERGED from [androidx.media3:media3-exoplayer:1.4.1] AndroidManifest.xml:17:1-24:12
MERGED from [androidx.browser:browser:1.4.0] AndroidManifest.xml:17:1-24:12
MERGED from [androidx.window:window:1.2.0] AndroidManifest.xml:17:1-31:12
MERGED from [androidx.window:window-java:1.2.0] AndroidManifest.xml:17:1-21:12
MERGED from [androidx.legacy:legacy-support-core-utils:1.0.0] AndroidManifest.xml:17:1-22:12
MERGED from [androidx.loader:loader:1.1.0] AndroidManifest.xml:17:1-24:12
MERGED from [androidx.activity:activity:1.8.1] AndroidManifest.xml:17:1-22:12
MERGED from [androidx.viewpager:viewpager:1.0.0] AndroidManifest.xml:17:1-22:12
MERGED from [androidx.lifecycle:lifecycle-viewmodel:2.7.0] AndroidManifest.xml:17:1-22:12
MERGED from [androidx.lifecycle:lifecycle-livedata-core:2.7.0] AndroidManifest.xml:17:1-22:12
MERGED from [androidx.lifecycle:lifecycle-viewmodel-savedstate:2.7.0] AndroidManifest.xml:17:1-22:12
MERGED from [androidx.privacysandbox.ads:ads-adservices-java:1.0.0-beta05] AndroidManifest.xml:2:1-7:12
MERGED from [androidx.privacysandbox.ads:ads-adservices:1.0.0-beta05] AndroidManifest.xml:17:1-28:12
MERGED from [androidx.core:core-ktx:1.13.1] AndroidManifest.xml:2:1-7:12
MERGED from [androidx.customview:customview:1.0.0] AndroidManifest.xml:17:1-22:12
MERGED from [com.google.firebase:firebase-database-collection:18.0.1] AndroidManifest.xml:2:1-9:12
MERGED from [com.google.firebase:firebase-appcheck-interop:17.1.0] AndroidManifest.xml:15:1-23:12
MERGED from [com.google.android.gms:play-services-base:18.1.0] AndroidManifest.xml:16:1-24:12
MERGED from [androidx.core:core:1.13.1] AndroidManifest.xml:17:1-30:12
MERGED from [androidx.lifecycle:lifecycle-runtime:2.7.0] AndroidManifest.xml:2:1-7:12
MERGED from [androidx.lifecycle:lifecycle-process:2.7.0] AndroidManifest.xml:17:1-35:12
MERGED from [androidx.savedstate:savedstate:1.2.1] AndroidManifest.xml:17:1-22:12
MERGED from [com.google.firebase:firebase-installations-interop:17.1.1] AndroidManifest.xml:15:1-19:12
MERGED from [com.google.android.gms:play-services-tasks:18.1.0] AndroidManifest.xml:2:1-6:12
MERGED from [com.google.android.gms:play-services-ads-identifier:18.0.0] AndroidManifest.xml:17:1-27:12
MERGED from [com.google.android.gms:play-services-measurement-sdk-api:21.6.1] AndroidManifest.xml:17:1-30:12
MERGED from [com.google.android.gms:play-services-measurement-base:21.6.1] AndroidManifest.xml:2:1-9:12
MERGED from [com.google.android.gms:play-services-basement:18.3.0] AndroidManifest.xml:16:1-26:12
MERGED from [androidx.fragment:fragment:1.7.1] AndroidManifest.xml:2:1-7:12
MERGED from [androidx.localbroadcastmanager:localbroadcastmanager:1.1.0] AndroidManifest.xml:17:1-24:12
MERGED from [com.google.firebase:firebase-components:17.1.5] AndroidManifest.xml:15:1-20:12
MERGED from [com.google.firebase:firebase-datatransport:18.1.7] AndroidManifest.xml:15:1-33:12
MERGED from [com.google.android.datatransport:transport-backend-cct:3.1.8] AndroidManifest.xml:15:1-37:12
MERGED from [com.google.android.datatransport:transport-runtime:3.1.8] AndroidManifest.xml:15:1-41:12
MERGED from [com.google.android.datatransport:transport-api:3.1.0] AndroidManifest.xml:15:1-20:12
MERGED from [com.google.firebase:firebase-encoders-json:18.0.0] AndroidManifest.xml:15:1-23:12
MERGED from [androidx.profileinstaller:profileinstaller:1.3.1] AndroidManifest.xml:17:1-55:12
MERGED from [androidx.startup:startup-runtime:1.1.1] AndroidManifest.xml:17:1-33:12
MERGED from [androidx.tracing:tracing:1.2.0] AndroidManifest.xml:17:1-22:12
MERGED from [androidx.versionedparcelable:versionedparcelable:1.1.1] AndroidManifest.xml:17:1-27:12
MERGED from [androidx.exifinterface:exifinterface:1.3.6] AndroidManifest.xml:17:1-24:12
MERGED from [androidx.interpolator:interpolator:1.0.0] AndroidManifest.xml:17:1-22:12
MERGED from [androidx.arch.core:core-runtime:2.2.0] AndroidManifest.xml:17:1-22:12
MERGED from [androidx.documentfile:documentfile:1.0.0] AndroidManifest.xml:17:1-22:12
MERGED from [androidx.print:print:1.0.0] AndroidManifest.xml:17:1-22:12
MERGED from [androidx.window.extensions.core:core:1.0.0] AndroidManifest.xml:2:1-7:12
MERGED from [androidx.annotation:annotation-experimental:1.4.0] AndroidManifest.xml:2:1-7:12
MERGED from [io.grpc:grpc-android:1.57.2] AndroidManifest.xml:2:1-9:12
MERGED from [com.google.firebase:protolite-well-known-types:18.0.0] AndroidManifest.xml:2:1-11:12
MERGED from [com.getkeepsafe.relinker:relinker:1.4.5] AndroidManifest.xml:2:1-7:12
	package
		INJECTED from src\main\AndroidManifest.xml
	android:versionName
		INJECTED from src\main\AndroidManifest.xml
	android:versionCode
		INJECTED from src\main\AndroidManifest.xml
	xmlns:android
		ADDED from src\main\AndroidManifest.xml:1:11-69
uses-permission#android.permission.RECEIVE_BOOT_COMPLETED
ADDED from src\main\AndroidManifest.xml:71:5-80
	android:name
		ADDED from src\main\AndroidManifest.xml:71:22-78
uses-permission#android.permission.FOREGROUND_SERVICE
ADDED from src\main\AndroidManifest.xml:72:5-76
	android:name
		ADDED from src\main\AndroidManifest.xml:72:22-74
uses-permission#android.permission.POST_NOTIFICATIONS
ADDED from src\main\AndroidManifest.xml:73:5-76
MERGED from [:firebase_messaging] AndroidManifest.xml:11:5-77
MERGED from [:firebase_messaging] AndroidManifest.xml:11:5-77
MERGED from [com.google.firebase:firebase-messaging:23.4.1] AndroidManifest.xml:23:5-77
MERGED from [com.google.firebase:firebase-messaging:23.4.1] AndroidManifest.xml:23:5-77
MERGED from [:flutter_local_notifications] AndroidManifest.xml:8:5-77
MERGED from [:flutter_local_notifications] AndroidManifest.xml:8:5-77
	android:name
		ADDED from src\main\AndroidManifest.xml:73:22-74
uses-permission#android.permission.SCHEDULE_EXACT_ALARM
ADDED from src\main\AndroidManifest.xml:74:5-78
	android:name
		ADDED from src\main\AndroidManifest.xml:74:22-76
uses-permission#android.permission.INTERNET
ADDED from src\main\AndroidManifest.xml:75:5-66
MERGED from [:firebase_analytics] AndroidManifest.xml:8:5-67
MERGED from [:firebase_analytics] AndroidManifest.xml:8:5-67
MERGED from [:firebase_messaging] AndroidManifest.xml:7:5-67
MERGED from [:firebase_messaging] AndroidManifest.xml:7:5-67
MERGED from [com.google.firebase:firebase-auth:22.3.1] AndroidManifest.xml:25:5-67
MERGED from [com.google.firebase:firebase-auth:22.3.1] AndroidManifest.xml:25:5-67
MERGED from [com.google.firebase:firebase-firestore:24.11.0] AndroidManifest.xml:11:5-67
MERGED from [com.google.firebase:firebase-firestore:24.11.0] AndroidManifest.xml:11:5-67
MERGED from [com.google.android.recaptcha:recaptcha:18.4.0] AndroidManifest.xml:7:5-67
MERGED from [com.google.android.recaptcha:recaptcha:18.4.0] AndroidManifest.xml:7:5-67
MERGED from [:google_sign_in_android] AndroidManifest.xml:7:5-67
MERGED from [:google_sign_in_android] AndroidManifest.xml:7:5-67
MERGED from [com.google.firebase:firebase-storage:20.3.0] AndroidManifest.xml:24:5-67
MERGED from [com.google.firebase:firebase-storage:20.3.0] AndroidManifest.xml:24:5-67
MERGED from [com.google.android.gms:play-services-cloud-messaging:17.1.0] AndroidManifest.xml:8:5-67
MERGED from [com.google.android.gms:play-services-cloud-messaging:17.1.0] AndroidManifest.xml:8:5-67
MERGED from [com.google.android.gms:play-services-measurement:21.6.1] AndroidManifest.xml:23:5-67
MERGED from [com.google.android.gms:play-services-measurement:21.6.1] AndroidManifest.xml:23:5-67
MERGED from [com.google.android.gms:play-services-measurement-impl:21.6.1] AndroidManifest.xml:23:5-67
MERGED from [com.google.android.gms:play-services-measurement-impl:21.6.1] AndroidManifest.xml:23:5-67
MERGED from [com.google.android.gms:play-services-measurement-api:21.6.1] AndroidManifest.xml:22:5-67
MERGED from [com.google.android.gms:play-services-measurement-api:21.6.1] AndroidManifest.xml:22:5-67
MERGED from [com.google.firebase:firebase-installations:17.2.0] AndroidManifest.xml:8:5-67
MERGED from [com.google.firebase:firebase-installations:17.2.0] AndroidManifest.xml:8:5-67
MERGED from [com.google.android.gms:play-services-measurement-sdk-api:21.6.1] AndroidManifest.xml:23:5-67
MERGED from [com.google.android.gms:play-services-measurement-sdk-api:21.6.1] AndroidManifest.xml:23:5-67
MERGED from [com.google.android.datatransport:transport-backend-cct:3.1.8] AndroidManifest.xml:25:5-67
MERGED from [com.google.android.datatransport:transport-backend-cct:3.1.8] AndroidManifest.xml:25:5-67
	android:name
		ADDED from src\main\AndroidManifest.xml:75:22-64
queries
ADDED from src\main\AndroidManifest.xml:77:5-82:15
intent#action:name:android.intent.action.PROCESS_TEXT+data:mimeType:text/plain
ADDED from src\main\AndroidManifest.xml:78:9-81:18
action#android.intent.action.PROCESS_TEXT
ADDED from src\main\AndroidManifest.xml:79:13-72
	android:name
		ADDED from src\main\AndroidManifest.xml:79:21-70
data
ADDED from src\main\AndroidManifest.xml:80:13-50
	android:mimeType
		ADDED from src\main\AndroidManifest.xml:80:19-48
activity#com.liid.psicologiaappliid.MainActivity
ADDED from src\main\AndroidManifest.xml:8:9-33:20
	android:turnScreenOn
		ADDED from src\main\AndroidManifest.xml:10:13-40
	android:showWhenLocked
		ADDED from src\main\AndroidManifest.xml:9:13-42
	android:launchMode
		ADDED from src\main\AndroidManifest.xml:13:13-43
	android:hardwareAccelerated
		ADDED from src\main\AndroidManifest.xml:17:13-47
	android:windowSoftInputMode
		ADDED from src\main\AndroidManifest.xml:18:13-55
	android:exported
		ADDED from src\main\AndroidManifest.xml:12:13-36
	android:configChanges
		ADDED from src\main\AndroidManifest.xml:16:13-163
	android:theme
		ADDED from src\main\AndroidManifest.xml:15:13-47
	android:taskAffinity
		ADDED from src\main\AndroidManifest.xml:14:13-36
	android:name
		ADDED from src\main\AndroidManifest.xml:11:13-41
meta-data#io.flutter.embedding.android.NormalTheme
ADDED from src\main\AndroidManifest.xml:20:13-22:56
	android:resource
		ADDED from src\main\AndroidManifest.xml:22:17-54
	android:name
		ADDED from src\main\AndroidManifest.xml:21:17-72
meta-data#com.google.firebase.messaging.default_notification_channel_id
ADDED from src\main\AndroidManifest.xml:24:13-26:45
	android:value
		ADDED from src\main\AndroidManifest.xml:26:17-42
	android:name
		ADDED from src\main\AndroidManifest.xml:25:17-93
intent-filter#action:name:android.intent.action.MAIN+category:name:android.intent.category.LAUNCHER
ADDED from src\main\AndroidManifest.xml:29:13-32:29
action#android.intent.action.MAIN
ADDED from src\main\AndroidManifest.xml:30:17-68
	android:name
		ADDED from src\main\AndroidManifest.xml:30:25-66
category#android.intent.category.LAUNCHER
ADDED from src\main\AndroidManifest.xml:31:17-76
	android:name
		ADDED from src\main\AndroidManifest.xml:31:27-74
meta-data#flutterEmbedding
ADDED from src\main\AndroidManifest.xml:37:9-39:32
	android:value
		ADDED from src\main\AndroidManifest.xml:39:13-30
	android:name
		ADDED from src\main\AndroidManifest.xml:38:13-44
receiver#com.dexterous.flutterlocalnotifications.ScheduledNotificationReceiver
ADDED from src\main\AndroidManifest.xml:42:9-44:39
	android:exported
		ADDED from src\main\AndroidManifest.xml:44:13-37
	android:name
		ADDED from src\main\AndroidManifest.xml:43:13-97
receiver#com.dexterous.flutterlocalnotifications.TimeZoneChangeReceiver
ADDED from src\main\AndroidManifest.xml:46:9-52:20
	android:exported
		ADDED from src\main\AndroidManifest.xml:48:13-37
	android:name
		ADDED from src\main\AndroidManifest.xml:47:13-90
intent-filter#action:name:android.intent.action.TIMEZONE_CHANGED
ADDED from src\main\AndroidManifest.xml:49:13-51:29
action#android.intent.action.TIMEZONE_CHANGED
ADDED from src\main\AndroidManifest.xml:50:17-80
	android:name
		ADDED from src\main\AndroidManifest.xml:50:25-78
service#com.dexterous.flutterlocalnotifications.ForegroundService
ADDED from src\main\AndroidManifest.xml:54:9-57:39
	android:exported
		ADDED from src\main\AndroidManifest.xml:57:13-37
	android:permission
		ADDED from src\main\AndroidManifest.xml:56:13-69
	android:name
		ADDED from src\main\AndroidManifest.xml:55:13-85
service#com.liid.psicologiaappliid.firebase.MyFirebaseMessagingService
ADDED from src\main\AndroidManifest.xml:59:9-65:19
	android:exported
		ADDED from src\main\AndroidManifest.xml:61:13-37
	android:name
		ADDED from src\main\AndroidManifest.xml:60:13-64
intent-filter#action:name:com.google.firebase.MESSAGING_EVENT
ADDED from src\main\AndroidManifest.xml:62:13-64:29
action#com.google.firebase.MESSAGING_EVENT
ADDED from src\main\AndroidManifest.xml:63:17-77
	android:name
		ADDED from src\main\AndroidManifest.xml:63:25-75
uses-sdk
INJECTED from src\main\AndroidManifest.xml reason: use-sdk injection requested
INJECTED from src\main\AndroidManifest.xml
INJECTED from src\main\AndroidManifest.xml
MERGED from [:device_info_plus] AndroidManifest.xml:5:5-44
MERGED from [:device_info_plus] AndroidManifest.xml:5:5-44
MERGED from [:cloud_firestore] AndroidManifest.xml:5:5-44
MERGED from [:cloud_firestore] AndroidManifest.xml:5:5-44
MERGED from [:firebase_analytics] AndroidManifest.xml:5:5-44
MERGED from [:firebase_analytics] AndroidManifest.xml:5:5-44
MERGED from [:firebase_auth] AndroidManifest.xml:5:5-44
MERGED from [:firebase_auth] AndroidManifest.xml:5:5-44
MERGED from [:firebase_messaging] AndroidManifest.xml:5:5-44
MERGED from [:firebase_messaging] AndroidManifest.xml:5:5-44
MERGED from [:firebase_storage] AndroidManifest.xml:5:5-44
MERGED from [:firebase_storage] AndroidManifest.xml:5:5-44
MERGED from [:firebase_core] AndroidManifest.xml:5:5-44
MERGED from [:firebase_core] AndroidManifest.xml:5:5-44
MERGED from [com.google.firebase:firebase-auth:22.3.1] AndroidManifest.xml:21:5-23:64
MERGED from [com.google.firebase:firebase-auth:22.3.1] AndroidManifest.xml:21:5-23:64
MERGED from [com.google.firebase:firebase-firestore:24.11.0] AndroidManifest.xml:6:5-44
MERGED from [com.google.firebase:firebase-firestore:24.11.0] AndroidManifest.xml:6:5-44
MERGED from [com.google.firebase:firebase-messaging:23.4.1] AndroidManifest.xml:20:5-44
MERGED from [com.google.firebase:firebase-messaging:23.4.1] AndroidManifest.xml:20:5-44
MERGED from [com.google.android.recaptcha:recaptcha:18.4.0] AndroidManifest.xml:5:5-44
MERGED from [com.google.android.recaptcha:recaptcha:18.4.0] AndroidManifest.xml:5:5-44
MERGED from [:android_intent_plus] AndroidManifest.xml:5:5-44
MERGED from [:android_intent_plus] AndroidManifest.xml:5:5-44
MERGED from [:just_audio] AndroidManifest.xml:5:5-44
MERGED from [:just_audio] AndroidManifest.xml:5:5-44
MERGED from [:audio_session] AndroidManifest.xml:5:5-44
MERGED from [:audio_session] AndroidManifest.xml:5:5-44
MERGED from [:audioplayers_android] AndroidManifest.xml:5:5-44
MERGED from [:audioplayers_android] AndroidManifest.xml:5:5-44
MERGED from [:connectivity_plus] AndroidManifest.xml:5:5-44
MERGED from [:connectivity_plus] AndroidManifest.xml:5:5-44
MERGED from [:file_selector_android] AndroidManifest.xml:5:5-44
MERGED from [:file_selector_android] AndroidManifest.xml:5:5-44
MERGED from [:flutter_local_notifications] AndroidManifest.xml:5:5-44
MERGED from [:flutter_local_notifications] AndroidManifest.xml:5:5-44
MERGED from [:flutter_native_splash] AndroidManifest.xml:5:5-44
MERGED from [:flutter_native_splash] AndroidManifest.xml:5:5-44
MERGED from [:google_sign_in_android] AndroidManifest.xml:5:5-44
MERGED from [:google_sign_in_android] AndroidManifest.xml:5:5-44
MERGED from [:path_provider_android] AndroidManifest.xml:5:5-44
MERGED from [:path_provider_android] AndroidManifest.xml:5:5-44
MERGED from [:permission_handler_android] AndroidManifest.xml:5:5-44
MERGED from [:permission_handler_android] AndroidManifest.xml:5:5-44
MERGED from [:sqflite_android] AndroidManifest.xml:5:5-44
MERGED from [:sqflite_android] AndroidManifest.xml:5:5-44
MERGED from [:video_player_android] AndroidManifest.xml:5:5-44
MERGED from [:video_player_android] AndroidManifest.xml:5:5-44
MERGED from [com.google.android.gms:play-services-auth:21.0.0] AndroidManifest.xml:20:5-44
MERGED from [com.google.android.gms:play-services-auth:21.0.0] AndroidManifest.xml:20:5-44
MERGED from [com.google.android.play:integrity:1.2.0] AndroidManifest.xml:4:5-44
MERGED from [com.google.android.play:integrity:1.2.0] AndroidManifest.xml:4:5-44
MERGED from [com.google.firebase:firebase-storage:20.3.0] AndroidManifest.xml:19:5-44
MERGED from [com.google.firebase:firebase-storage:20.3.0] AndroidManifest.xml:19:5-44
MERGED from [com.google.firebase:firebase-auth-interop:20.0.0] AndroidManifest.xml:5:5-44
MERGED from [com.google.firebase:firebase-auth-interop:20.0.0] AndroidManifest.xml:5:5-44
MERGED from [com.google.firebase:firebase-iid-interop:17.1.0] AndroidManifest.xml:5:5-44
MERGED from [com.google.firebase:firebase-iid-interop:17.1.0] AndroidManifest.xml:5:5-44
MERGED from [com.google.android.gms:play-services-cloud-messaging:17.1.0] AndroidManifest.xml:5:5-44
MERGED from [com.google.android.gms:play-services-cloud-messaging:17.1.0] AndroidManifest.xml:5:5-44
MERGED from [com.google.firebase:firebase-analytics:21.6.1] AndroidManifest.xml:5:5-44
MERGED from [com.google.firebase:firebase-analytics:21.6.1] AndroidManifest.xml:5:5-44
MERGED from [com.google.android.gms:play-services-measurement:21.6.1] AndroidManifest.xml:20:5-44